<?xml version="1.0" encoding="UTF-8"?>
<testng-results ignored="0" total="1" passed="0" failed="1" skipped="0">
  <reporter-output>
  </reporter-output>
  <suite started-at="2022-03-22T11:00:39 IST" name="Default suite" finished-at="2022-03-22T11:00:58 IST" duration-ms="18215">
    <groups>
      <group name="cucumber">
        <method signature="AbstractTestNGCucumberTests.runScenario(io.cucumber.testng.PickleWrapper,io.cucumber.testng.FeatureWrapper)[pri:0, instance:cucumberOptions.FailedRunner@13e344d]" name="runScenario" class="io.cucumber.testng.AbstractTestNGCucumberTests"/>
      </group> <!-- cucumber -->
    </groups>
    <test started-at="2022-03-22T11:00:39 IST" name="Default test" finished-at="2022-03-22T11:00:58 IST" duration-ms="18215">
      <class name="cucumberOptions.FailedRunner">
        <test-method is-config="true" signature="setUpClass(org.testng.ITestContext)[pri:0, instance:cucumberOptions.FailedRunner@13e344d]" started-at="2022-03-22T11:00:39 IST" name="setUpClass" finished-at="2022-03-22T11:00:40 IST" duration-ms="503" status="PASS">
          <params>
            <param index="0">
              <value>
                <![CDATA[org.testng.TestRunner@29be7749]]>
              </value>
            </param>
          </params>
          <reporter-output>
          </reporter-output>
        </test-method> <!-- setUpClass -->
        <test-method signature="runScenario(io.cucumber.testng.PickleWrapper,io.cucumber.testng.FeatureWrapper)[pri:0, instance:cucumberOptions.FailedRunner@13e344d]" started-at="2022-03-22T11:00:40 IST" name="runScenario" description="Runs Cucumber Scenarios" data-provider="scenarios" finished-at="2022-03-22T11:00:57 IST" duration-ms="17337" status="FAIL">
          <params>
            <param index="0">
              <value>
                <![CDATA["Validate the search result consistency in both homepage and landing pages"]]>
              </value>
            </param>
            <param index="1">
              <value>
                <![CDATA["Optional[Search Feature validation in both home and landing pages]"]]>
              </value>
            </param>
          </params>
          <exception class="java.lang.AssertionError">
            <message>
              <![CDATA[expected [Beetroot] but found [No data]]]>
            </message>
            <full-stacktrace>
              <![CDATA[java.lang.AssertionError: expected [Beetroot] but found [No data]
at org.testng.Assert.fail(Assert.java:99)
at org.testng.Assert.failNotEquals(Assert.java:1037)
at org.testng.Assert.assertEqualsImpl(Assert.java:140)
at org.testng.Assert.assertEquals(Assert.java:122)
at org.testng.Assert.assertEquals(Assert.java:629)
at org.testng.Assert.assertEquals(Assert.java:639)
at stepDefinations.OffersPage.validate_the_product_name_in_offers_page_matches_with_actual_item_name_in_landing_page(OffersPage.java:56)
at âœ½.validate the product name in offers page matches with actual item name inLanding page(file:///E:/Projects/Selenium/CucumberFramework/src/test/java/features/First.feature:10)
]]>
            </full-stacktrace>
          </exception> <!-- java.lang.AssertionError -->
          <reporter-output>
          </reporter-output>
        </test-method> <!-- runScenario -->
        <test-method is-config="true" signature="tearDownClass()[pri:0, instance:cucumberOptions.FailedRunner@13e344d]" started-at="2022-03-22T11:00:57 IST" name="tearDownClass" finished-at="2022-03-22T11:00:58 IST" duration-ms="334" status="PASS">
          <reporter-output>
          </reporter-output>
        </test-method> <!-- tearDownClass -->
      </class> <!-- cucumberOptions.FailedRunner -->
    </test> <!-- Default test -->
  </suite> <!-- Default suite -->
</testng-results>
